70.587695	-79.689086	up
52.159314	-79.116129	up
45.012968	-78.543172	up
39.871252	-77.970215	up
35.793901	-77.397258	up
32.406061	-76.824300	up
29.510736	-76.251343	up
26.988489	-75.678386	up
24.760192	-75.105429	up
22.770157	-74.532472	up
20.977425	-73.959515	up
19.350853	-73.386558	up
17.866131	-72.813601	up
16.503877	-72.240644	up
15.248368	-71.667687	up
14.086660	-71.094730	up
13.007966	-70.521772	up
12.003195	-69.948815	up
11.064618	-69.375858	up
10.185606	-68.802901	up
9.360435	-68.229944	up
8.584125	-67.656987	up
7.852321	-67.084030	up
7.161195	-66.511073	up
6.507362	-65.938116	up
5.887818	-65.365159	up
5.299885	-64.792202	up
4.741166	-64.219245	up
4.209511	-63.646287	up
3.702980	-63.073330	up
3.219822	-62.500373	up
2.758449	-61.927416	up
2.317417	-61.354459	up
1.895413	-60.781502	up
1.491235	-60.208545	up
1.103786	-59.635588	up
0.732056	-59.062631	up
0.375119	-58.489674	up
0.032122	-57.916717	up
-0.297723	-57.343760	up
-0.615142	-56.770802	up
-0.920810	-56.197845	up
-1.215351	-55.624888	up
-1.499344	-55.051931	up
-1.773330	-54.478974	up
-2.037810	-53.906017	up
-2.293253	-53.333060	up
-2.540096	-52.760103	up
-2.778748	-52.187146	up
-3.009591	-51.614189	up
-3.232984	-51.041232	up
-3.449263	-50.468274	up
-3.658743	-49.895317	up
-3.861722	-49.322360	up
-4.058478	-48.749403	up
-4.249275	-48.176446	up
-4.434361	-47.603489	up
-4.613968	-47.030532	up
-4.788318	-46.457575	up
-4.957620	-45.884618	up
-5.122071	-45.311661	up
-5.281857	-44.738704	up
-5.437155	-44.165747	up
-5.588133	-43.592789	up
-5.734950	-43.019832	up
-5.877757	-42.446875	up
-6.016697	-41.873918	up
-6.151906	-41.300961	up
-6.283514	-40.728004	up
-6.411644	-40.155047	up
-6.536413	-39.582090	up
-6.657932	-39.009133	up
-6.776309	-38.436176	up
-6.891645	-37.863219	up
-7.004037	-37.290261	up
-7.113577	-36.717304	up
-7.220353	-36.144347	up
-7.324450	-35.571390	up
-7.425948	-34.998433	up
-7.524924	-34.425476	up
-7.621452	-33.852519	up
-7.715603	-33.279562	up
-7.807443	-32.706605	up
-7.897038	-32.133648	up
-7.984449	-31.560691	up
-8.069737	-30.987734	up
-8.152956	-30.414776	up
-8.234163	-29.841819	up
-8.313409	-29.268862	up
-8.390745	-28.695905	up
-8.466217	-28.122948	up
-8.539874	-27.549991	up
-8.611759	-26.977034	up
-8.681914	-26.404077	up
-8.750380	-25.831120	up
-8.817197	-25.258163	up
-8.882403	-24.685206	up
-8.946033	-24.112249	up
-9.008122	-23.539291	up
-9.068703	-22.966334	up
-9.127810	-22.393377	up
-9.185472	-21.820420	up
-9.241719	-21.247463	up
-9.296581	-20.674506	up
-9.350083	-20.101549	up
-9.402253	-19.528592	up
-9.453116	-18.955635	up
-9.502695	-18.382678	up
-9.551015	-17.809721	up
-9.598098	-17.236763	up
-9.643966	-16.663806	up
-9.688638	-16.090849	up
-9.732135	-15.517892	up
-9.774476	-14.944935	up
-9.815679	-14.371978	up
-9.855761	-13.799021	up
-9.894740	-13.226064	up
-9.932631	-12.653107	up
-9.969450	-12.080150	up
-10.005211	-11.507193	up
-10.039929	-10.934236	up
-10.073617	-10.361278	up
-10.106287	-9.788321	up
-10.137953	-9.215364	up
-10.168624	-8.642407	up
-10.198314	-8.069450	up
-10.227031	-7.496493	up
-10.254786	-6.923536	up
-10.281589	-6.350579	up
-10.307448	-5.777622	up
-10.332372	-5.204665	up
-10.356368	-4.631708	up
-10.379443	-4.058750	up
-10.401606	-3.485793	up
-10.422862	-2.912836	up
-10.443216	-2.339879	up
-10.462676	-1.766922	up
-10.481244	-1.193965	up
-10.498927	-0.621008	up
-10.515728	-0.048051	up
-10.531650	0.524906	up
-10.546698	1.097863	up
-10.560873	1.670820	up
-10.574178	2.243777	up
-10.586615	2.816735	up
-10.598186	3.389692	up
-10.608890	3.962649	up
-10.618730	4.535606	up
-10.627704	5.108563	up
-10.635813	5.681520	up
-10.643055	6.254477	up
-10.649431	6.827434	up
-10.654937	7.400391	up
-10.659572	7.973348	up
-10.663333	8.546305	up
-10.666217	9.119263	up
-10.668221	9.692220	up
-10.669341	10.265177	up
-10.669572	10.838134	up
-10.668910	11.411091	up
-10.667348	11.984048	up
-10.664881	12.557005	up
-10.661503	13.129962	up
-10.657207	13.702919	up
-10.651984	14.275876	up
-10.645828	14.848833	up
-10.638729	15.421790	up
-10.630678	15.994748	up
-10.621666	16.567705	up
-10.611683	17.140662	up
-10.600716	17.713619	up
-10.588756	18.286576	up
-10.575788	18.859533	up
-10.561802	19.432490	up
-10.546782	20.005447	up
-10.530715	20.578404	up
-10.513585	21.151361	up
-10.495377	21.724318	up
-10.476075	22.297275	up
-10.455660	22.870233	up
-10.434115	23.443190	up
-10.411421	24.016147	up
-10.387556	24.589104	up
-10.362501	25.162061	up
-10.336234	25.735018	up
-10.308731	26.307975	up
-10.279969	26.880932	up
-10.249922	27.453889	up
-10.218564	28.026846	up
-10.185867	28.599803	up
-10.151803	29.172761	up
-10.116343	29.745718	up
-10.079453	30.318675	up
-10.041102	30.891632	up
-10.001256	31.464589	up
-9.959877	32.037546	up
-9.916929	32.610503	up
-9.872373	33.183460	up
-9.826168	33.756417	up
-9.778269	34.329374	up
-9.728634	34.902331	up
-9.677213	35.475288	up
-9.623959	36.048246	up
-9.568820	36.621203	up
-9.511741	37.194160	up
-9.452666	37.767117	up
-9.391536	38.340074	up
-9.328289	38.913031	up
-9.262858	39.485988	up
-9.195177	40.058945	up
-9.125173	40.631902	up
-9.052770	41.204859	up
-8.977890	41.777816	up
-8.900449	42.350774	up
-8.820359	42.923731	up
-8.737529	43.496688	up
-8.651861	44.069645	up
-8.563254	44.642602	up
-8.471600	45.215559	up
-8.376785	45.788516	up
-8.278690	46.361473	up
-8.177188	46.934430	up
-8.072146	47.507387	up
-7.963423	48.080344	up
-7.850869	48.653301	up
-7.734327	49.226259	up
-7.613628	49.799216	up
-7.488597	50.372173	up
-7.359043	50.945130	up
-7.224767	51.518087	up
-7.085557	52.091044	up
-6.941186	52.664001	up
-6.791414	53.236958	up
-6.635983	53.809915	up
-6.474619	54.382872	up
-6.307029	54.955829	up
-6.132901	55.528786	up
-5.951899	56.101744	up
-5.763664	56.674701	up
-5.567810	57.247658	up
-5.363923	57.820615	up
-5.151557	58.393572	up
-4.930232	58.966529	up
-4.699428	59.539486	up
-4.458586	60.112443	up
-4.207099	60.685400	up
-3.944310	61.258357	up
-3.669504	61.831314	up
-3.381905	62.404272	up
-3.080664	62.977229	up
-2.764857	63.550186	up
-2.433470	64.123143	up
-2.085393	64.696100	up
-1.719402	65.269057	up
-1.334151	65.842014	up
-0.928150	66.414971	up
-0.499749	66.987928	up
-0.047114	67.560885	up
0.431801	68.133842	up
0.939285	68.706799	up
1.477907	69.279757	up
2.050564	69.852714	up
2.660534	70.425671	up
3.311543	70.998628	up
4.007849	71.571585	up
4.754340	72.144542	up
5.556662	72.717499	up
6.421377	73.290456	up
7.356166	73.863413	up
8.370087	74.436370	up
9.473919	75.009327	up
10.680610	75.582285	up
12.005894	76.155242	up
13.469133	76.728199	up
15.094522	77.301156	up
16.912832	77.874113	up
18.964064	78.447070	up
21.301625	79.020027	up
23.999309	79.592984	up
27.163802	80.165941	up
30.959393	80.738898	up
35.664066	81.311855	up
41.828268	81.884812	up
50.964054	82.457770	up
71.007477	82.908220	dn
92.972543	82.335263	dn
101.216189	81.762306	dn
106.995456	81.189349	dn
111.472904	80.616392	dn
115.115379	80.043435	dn
118.168755	79.470477	dn
120.781852	78.897520	dn
123.052823	78.324563	dn
125.050301	77.751606	dn
126.824364	77.178649	dn
128.412753	76.605692	dn
129.844648	76.032735	dn
131.143087	75.459778	dn
132.326568	74.886821	dn
133.410169	74.313864	dn
134.406329	73.740907	dn
135.325426	73.167949	dn
136.176196	72.594992	dn
136.966063	72.022035	dn
137.701377	71.449078	dn
138.387610	70.876121	dn
139.029506	70.303164	dn
139.631201	69.730207	dn
140.196319	69.157250	dn
140.728052	68.584293	dn
141.229222	68.011336	dn
141.702334	67.438379	dn
142.149623	66.865422	dn
142.573087	66.292464	dn
142.974518	65.719507	dn
143.355531	65.146550	dn
143.717583	64.573593	dn
144.061994	64.000636	dn
144.389959	63.427679	dn
144.702570	62.854722	dn
145.000819	62.281765	dn
145.285614	61.708808	dn
145.557787	61.135851	dn
145.818102	60.562894	dn
146.067259	59.989937	dn
146.305905	59.416979	dn
146.534637	58.844022	dn
146.754005	58.271065	dn
146.964519	57.698108	dn
147.166652	57.125151	dn
147.360843	56.552194	dn
147.547500	55.979237	dn
147.727002	55.406280	dn
147.899705	54.833323	dn
148.065938	54.260366	dn
148.226009	53.687409	dn
148.380208	53.114451	dn
148.528805	52.541494	dn
148.672053	51.968537	dn
148.810189	51.395580	dn
148.943438	50.822623	dn
149.072008	50.249666	dn
149.196098	49.676709	dn
149.315893	49.103752	dn
149.431569	48.530795	dn
149.543290	47.957838	dn
149.651214	47.384881	dn
149.755488	46.811924	dn
149.856250	46.238966	dn
149.953634	45.666009	dn
150.047763	45.093052	dn
150.138757	44.520095	dn
150.226726	43.947138	dn
150.311779	43.374181	dn
150.394015	42.801224	dn
150.473530	42.228267	dn
150.550417	41.655310	dn
150.624760	41.082353	dn
150.696644	40.509396	dn
150.766145	39.936438	dn
150.833339	39.363481	dn
150.898297	38.790524	dn
150.961087	38.217567	dn
151.021772	37.644610	dn
151.080415	37.071653	dn
151.137075	36.498696	dn
151.191807	35.925739	dn
151.244664	35.352782	dn
151.295699	34.779825	dn
151.344959	34.206868	dn
151.392492	33.633911	dn
151.438342	33.060953	dn
151.482550	32.487996	dn
151.525159	31.915039	dn
151.566207	31.342082	dn
151.605731	30.769125	dn
151.643767	30.196168	dn
151.680348	29.623211	dn
151.715507	29.050254	dn
151.749276	28.477297	dn
151.781684	27.904340	dn
151.812760	27.331383	dn
151.842530	26.758425	dn
151.871021	26.185468	dn
151.898258	25.612511	dn
151.924264	25.039554	dn
151.949062	24.466597	dn
151.972675	23.893640	dn
151.995122	23.320683	dn
152.016424	22.747726	dn
152.036599	22.174769	dn
152.055666	21.601812	dn
152.073642	21.028855	dn
152.090543	20.455898	dn
152.106385	19.882940	dn
152.121183	19.309983	dn
152.134950	18.737026	dn
152.147701	18.164069	dn
152.159449	17.591112	dn
152.170204	17.018155	dn
152.179979	16.445198	dn
152.188785	15.872241	dn
152.196631	15.299284	dn
152.203527	14.726327	dn
152.209483	14.153370	dn
152.214507	13.580413	dn
152.218607	13.007455	dn
152.221789	12.434498	dn
152.224062	11.861541	dn
152.225431	11.288584	dn
152.225902	10.715627	dn
152.225481	10.142670	dn
152.224171	9.569713	dn
152.221979	8.996756	dn
152.218907	8.423799	dn
152.214958	7.850842	dn
152.210137	7.277885	dn
152.204445	6.704927	dn
152.197884	6.131970	dn
152.190456	5.559013	dn
152.182162	4.986056	dn
152.173003	4.413099	dn
152.162979	3.840142	dn
152.152089	3.267185	dn
152.140333	2.694228	dn
152.127711	2.121271	dn
152.114220	1.548314	dn
152.099858	0.975357	dn
152.084624	0.402400	dn
152.068514	-0.170558	dn
152.051525	-0.743515	dn
152.033653	-1.316472	dn
152.014894	-1.889429	dn
151.995244	-2.462386	dn
151.974697	-3.035343	dn
151.953248	-3.608300	dn
151.930891	-4.181257	dn
151.907619	-4.754214	dn
151.883425	-5.327171	dn
151.858302	-5.900128	dn
151.832242	-6.473086	dn
151.805237	-7.046043	dn
151.777276	-7.619000	dn
151.748352	-8.191957	dn
151.718454	-8.764914	dn
151.687570	-9.337871	dn
151.655691	-9.910828	dn
151.622804	-10.483785	dn
151.588897	-11.056742	dn
151.553957	-11.629699	dn
151.517971	-12.202656	dn
151.480924	-12.775613	dn
151.442802	-13.348571	dn
151.403588	-13.921528	dn
151.363268	-14.494485	dn
151.321823	-15.067442	dn
151.279237	-15.640399	dn
151.235490	-16.213356	dn
151.190564	-16.786313	dn
151.144438	-17.359270	dn
151.097093	-17.932227	dn
151.048505	-18.505184	dn
150.998653	-19.078141	dn
150.947513	-19.651098	dn
150.895061	-20.224056	dn
150.841270	-20.797013	dn
150.786115	-21.369970	dn
150.729567	-21.942927	dn
150.671599	-22.515884	dn
150.612179	-23.088841	dn
150.551278	-23.661798	dn
150.488863	-24.234755	dn
150.424899	-24.807712	dn
150.359352	-25.380669	dn
150.292185	-25.953626	dn
150.223361	-26.526584	dn
150.152840	-27.099541	dn
150.080580	-27.672498	dn
150.006539	-28.245455	dn
149.930672	-28.818412	dn
149.852932	-29.391369	dn
149.773271	-29.964326	dn
149.691638	-30.537283	dn
149.607981	-31.110240	dn
149.522244	-31.683197	dn
149.434371	-32.256154	dn
149.344301	-32.829111	dn
149.251972	-33.402069	dn
149.157319	-33.975026	dn
149.060274	-34.547983	dn
148.960765	-35.120940	dn
148.858718	-35.693897	dn
148.754055	-36.266854	dn
148.646695	-36.839811	dn
148.536553	-37.412768	dn
148.423540	-37.985725	dn
148.307562	-38.558682	dn
148.188522	-39.131639	dn
148.066316	-39.704597	dn
147.940838	-40.277554	dn
147.811975	-40.850511	dn
147.679608	-41.423468	dn
147.543612	-41.996425	dn
147.403857	-42.569382	dn
147.260205	-43.142339	dn
147.112511	-43.715296	dn
146.960623	-44.288253	dn
146.804379	-44.861210	dn
146.643611	-45.434167	dn
146.478140	-46.007124	dn
146.307775	-46.580082	dn
146.132319	-47.153039	dn
145.951559	-47.725996	dn
145.765273	-48.298953	dn
145.573223	-48.871910	dn
145.375158	-49.444867	dn
145.170813	-50.017824	dn
144.959905	-50.590781	dn
144.742132	-51.163738	dn
144.517176	-51.736695	dn
144.284694	-52.309652	dn
144.044324	-52.882610	dn
143.795677	-53.455567	dn
143.538340	-54.028524	dn
143.271868	-54.601481	dn
142.995785	-55.174438	dn
142.709583	-55.747395	dn
142.412714	-56.320352	dn
142.104587	-56.893309	dn
141.784570	-57.466266	dn
141.451976	-58.039223	dn
141.106067	-58.612180	dn
140.746041	-59.185137	dn
140.371030	-59.758095	dn
139.980092	-60.331052	dn
139.572198	-60.904009	dn
139.146230	-61.476966	dn
138.700964	-62.049923	dn
138.235059	-62.622880	dn
137.747042	-63.195837	dn
137.235292	-63.768794	dn
136.698020	-64.341751	dn
136.133244	-64.914708	dn
135.538762	-65.487665	dn
134.912122	-66.060622	dn
134.250579	-66.633580	dn
133.551054	-67.206537	dn
132.810073	-67.779494	dn
132.023701	-68.352451	dn
131.187460	-68.925408	dn
130.296222	-69.498365	dn
129.344083	-70.071322	dn
128.324198	-70.644279	dn
127.228569	-71.217236	dn
126.047778	-71.790193	dn
124.770616	-72.363150	dn
123.383607	-72.936108	dn
121.870330	-73.509065	dn
120.210472	-74.082022	dn
118.378450	-74.654979	dn
116.341322	-75.227936	dn
114.055485	-75.800893	dn
111.461152	-76.373850	dn
108.472417	-76.946807	dn
104.957512	-77.519764	dn
100.693689	-78.092721	dn
95.238492	-78.665678	dn
87.366069	-79.238635	dn
70.587695	-79.689086	up
