70.745149	0.429233
70.745120	0.436279
70.745090	0.443317
70.745061	0.450347
70.745033	0.457367
70.745005	0.464379
70.744978	0.471382
70.744951	0.478376
70.744925	0.485361
70.744899	0.492337
70.744874	0.499303
70.744850	0.506260
70.744826	0.513207
70.744802	0.520144
70.744780	0.527071
70.744758	0.533989
70.744736	0.540896
70.744715	0.547792
70.744695	0.554678
70.744675	0.561554
70.744656	0.568419
70.744638	0.575273
70.744620	0.582115
70.744603	0.588947
70.744586	0.595768
70.744571	0.602577
70.744556	0.609374
70.744541	0.616160
70.744527	0.622935
70.744514	0.629697
70.744502	0.636447
70.744490	0.643185
70.744479	0.649911
70.744468	0.656624
70.744459	0.663325
70.744450	0.670013
70.744441	0.676688
70.744434	0.683350
70.744427	0.690000
70.744421	0.696636
70.744416	0.703258
70.744411	0.709868
70.744407	0.716463
70.744404	0.723045
70.744401	0.729613
70.744400	0.736168
70.744399	0.742708
70.744399	0.749234
70.744400	0.755745
70.744401	0.762242
70.744403	0.768725
70.744406	0.775193
70.744410	0.781646
70.744414	0.788084
70.744420	0.794506
70.744426	0.800914
70.744433	0.807307
70.744441	0.813684
70.744449	0.820045
70.744458	0.826391
70.744469	0.832721
70.744480	0.839035
70.744491	0.845333
70.744504	0.851614
70.744517	0.857880
70.744532	0.864129
70.744547	0.870361
70.744563	0.876577
70.744579	0.882776
70.744597	0.888959
70.744616	0.895124
70.744635	0.901272
70.744655	0.907403
70.744676	0.913516
70.744698	0.919612
70.744721	0.925690
70.744744	0.931751
70.744769	0.937794
70.744794	0.943819
70.744820	0.949826
70.744847	0.955814
70.744875	0.961785
70.744904	0.967737
70.744934	0.973670
70.744965	0.979585
70.744996	0.985481
70.745028	0.991358
70.745061	0.997217
70.745096	1.003056
70.745131	1.008876
70.745166	1.014676
70.745203	1.020458
70.745241	1.026219
70.745280	1.031961
70.745319	1.037684
70.745359	1.043386
70.745401	1.049069
70.745443	1.054731
70.745486	1.060373
70.745530	1.065995
70.745575	1.071597
70.745620	1.077178
70.745667	1.082738
70.745715	1.088278
70.745763	1.093797
70.745813	1.099295
70.745863	1.104772
70.745914	1.110228
70.745966	1.115662
70.746019	1.121075
70.746073	1.126467
70.746128	1.131837
70.746184	1.137186
70.746240	1.142512
70.746298	1.147817
70.746356	1.153100
70.746416	1.158361
70.746476	1.163600
70.746537	1.168816
70.746599	1.174010
70.746662	1.179182
70.746726	1.184331
70.746791	1.189457
70.746857	1.194560
70.746923	1.199641
70.746991	1.204699
70.747059	1.209733
70.747128	1.214745
70.747199	1.219733
70.747270	1.224698
70.747342	1.229639
70.747414	1.234557
70.747488	1.239452
70.747563	1.244322
70.747639	1.249169
70.747715	1.253992
70.747792	1.258791
70.747871	1.263565
70.747950	1.268316
70.748030	1.273042
70.748111	1.277744
70.748192	1.282421
70.748275	1.287074
70.748358	1.291703
70.748443	1.296306
70.748528	1.300885
70.748614	1.305439
70.748701	1.309967
70.748789	1.314471
70.748878	1.318950
70.748967	1.323403
70.749058	1.327831
70.749149	1.332233
70.749241	1.336611
70.749334	1.340962
70.749428	1.345288
70.749522	1.349588
70.749618	1.353862
70.749714	1.358110
70.749811	1.362333
70.749909	1.366529
70.750008	1.370699
70.750108	1.374843
70.750208	1.378960
70.750309	1.383051
70.750411	1.387116
70.750514	1.391154
70.750618	1.395165
70.750723	1.399150
70.750828	1.403108
70.750934	1.407039
70.751041	1.410943
70.751148	1.414820
70.751257	1.418670
70.751366	1.422493
70.751476	1.426289
70.751586	1.430057
70.751698	1.433798
70.751810	1.437511
70.751923	1.441197
70.752037	1.444856
70.752151	1.448486
70.752267	1.452089
70.752383	1.455664
70.752499	1.459212
70.752617	1.462731
70.752735	1.466222
70.752854	1.469685
70.752973	1.473121
70.753093	1.476527
70.753214	1.479906
70.753336	1.483256
70.753458	1.486578
70.753581	1.489872
70.753705	1.493137
70.753830	1.496373
70.753955	1.499581
70.754080	1.502760
70.754207	1.505910
70.754334	1.509031
70.754461	1.512124
70.754590	1.515187
70.754718	1.518221
70.754848	1.521227
70.754978	1.524203
70.755109	1.527150
70.755240	1.530068
70.755372	1.532957
70.755505	1.535816
70.755638	1.538646
70.755772	1.541446
70.755906	1.544217
70.756041	1.546958
70.756177	1.549670
70.756313	1.552351
70.756449	1.555004
70.756587	1.557626
70.756724	1.560219
70.756863	1.562781
70.757001	1.565314
70.757140	1.567817
70.757280	1.570290
70.757421	1.572732
70.757561	1.575145
70.757703	1.577528
70.757844	1.579880
70.757987	1.582202
70.758129	1.584493
70.758273	1.586755
70.758416	1.588986
70.758560	1.591186
70.758705	1.593356
70.758850	1.595496
70.758995	1.597605
70.759141	1.599683
70.759287	1.601731
70.759434	1.603748
70.759581	1.605734
70.759728	1.607690
70.759876	1.609615
70.760025	1.611509
70.760173	1.613372
70.760322	1.615204
70.760471	1.617005
70.760621	1.618776
70.760771	1.620515
70.760921	1.622223
70.761072	1.623901
70.761223	1.625547
70.761374	1.627162
70.761526	1.628746
70.761677	1.630298
70.761830	1.631820
70.761982	1.633310
70.762135	1.634769
70.762288	1.636196
70.762441	1.637593
70.762594	1.638957
70.762748	1.640291
70.762902	1.641593
70.763056	1.642864
70.763210	1.644103
70.763365	1.645311
70.763520	1.646487
70.763675	1.647631
70.763830	1.648745
70.763985	1.649826
70.764140	1.650876
70.764296	1.651894
70.764452	1.652881
70.764608	1.653836
70.764764	1.654759
70.764920	1.655651
70.765076	1.656511
70.765232	1.657339
70.765389	1.658136
70.765545	1.658900
70.765702	1.659633
70.765859	1.660335
70.766015	1.661004
70.766172	1.661641
70.766329	1.662247
70.766486	1.662821
70.766643	1.663363
70.766800	1.663873
70.766957	1.664352
70.767114	1.664798
70.767271	1.665213
70.767428	1.665595
70.767585	1.665946
70.767742	1.666265
70.767899	1.666552
70.768055	1.666807
70.768212	1.667030
70.768369	1.667221
70.768526	1.667381
70.768682	1.667508
70.768839	1.667603
70.768995	1.667667
70.769151	1.667698
70.769307	1.667698
70.769463	1.667666
70.769619	1.667601
70.769775	1.667505
70.769931	1.667377
70.770086	1.667217
70.770242	1.667025
70.770397	1.666801
70.770552	1.666545
70.770706	1.666257
70.770861	1.665937
70.771015	1.665586
70.771169	1.665202
70.771323	1.664787
70.771477	1.664340
70.771630	1.663861
70.771784	1.663350
70.771937	1.662807
70.772089	1.662232
70.772242	1.661625
70.772394	1.660987
70.772545	1.660317
70.772697	1.659615
70.772848	1.658881
70.772999	1.658116
70.773150	1.657318
70.773300	1.656489
70.773450	1.655628
70.773599	1.654736
70.773748	1.653812
70.773897	1.652856
70.774046	1.651869
70.774194	1.650849
70.774341	1.649799
70.774489	1.648716
70.774635	1.647603
70.774782	1.646457
70.774928	1.645280
70.775074	1.644072
70.775219	1.642832
70.775364	1.641560
70.775508	1.640257
70.775652	1.638923
70.775795	1.637557
70.775938	1.636160
70.776080	1.634732
70.776222	1.633272
70.776363	1.631782
70.776504	1.630259
70.776645	1.628706
70.776784	1.627121
70.776924	1.625506
70.777062	1.623859
70.777201	1.622181
70.777338	1.620472
70.777475	1.618732
70.777612	1.616961
70.777748	1.615159
70.777883	1.613326
70.778018	1.611462
70.778152	1.609567
70.778286	1.607642
70.778419	1.605685
70.778551	1.603698
70.778683	1.601680
70.778814	1.599632
70.778944	1.597553
70.779074	1.595443
70.779203	1.593303
70.779332	1.591132
70.779459	1.588931
70.779587	1.586699
70.779713	1.584437
70.779839	1.582145
70.779964	1.579822
70.780088	1.577470
70.780212	1.575086
70.780335	1.572673
70.780457	1.570230
70.780578	1.567756
70.780699	1.565253
70.780819	1.562720
70.780938	1.560156
70.781057	1.557563
70.781175	1.554940
70.781292	1.552287
70.781408	1.549605
70.781523	1.546892
70.781638	1.544151
70.781751	1.541379
70.781865	1.538578
70.781977	1.535748
70.782088	1.532888
70.782199	1.529999
70.782309	1.527081
70.782418	1.524133
70.782526	1.521156
70.782633	1.518150
70.782740	1.515115
70.782845	1.512051
70.782950	1.508958
70.783054	1.505836
70.783157	1.502686
70.783259	1.499506
70.783360	1.496298
70.783461	1.493061
70.783560	1.489796
70.783659	1.486502
70.783757	1.483179
70.783853	1.479829
70.783949	1.476450
70.784044	1.473042
70.784138	1.469607
70.784232	1.466143
70.784324	1.462651
70.784415	1.459131
70.784506	1.455584
70.784595	1.452008
70.784684	1.448405
70.784771	1.444774
70.784858	1.441115
70.784944	1.437428
70.785028	1.433714
70.785112	1.429973
70.785195	1.426204
70.785277	1.422408
70.785358	1.418585
70.785437	1.414735
70.785516	1.410857
70.785594	1.406953
70.785671	1.403021
70.785747	1.399063
70.785822	1.395078
70.785896	1.391066
70.785969	1.387028
70.786041	1.382963
70.786112	1.378872
70.786182	1.374754
70.786251	1.370610
70.786319	1.366439
70.786386	1.362243
70.786452	1.358020
70.786516	1.353772
70.786580	1.349497
70.786643	1.345197
70.786705	1.340871
70.786766	1.336519
70.786825	1.332142
70.786884	1.327739
70.786942	1.323311
70.786998	1.318857
70.787054	1.314378
70.787108	1.309874
70.787162	1.305345
70.787214	1.300791
70.787265	1.296212
70.787316	1.291609
70.787365	1.286980
70.787413	1.282327
70.787460	1.277650
70.787506	1.272947
70.787551	1.268221
70.787595	1.263470
70.787638	1.258695
70.787680	1.253896
70.787721	1.249073
70.787760	1.244227
70.787799	1.239356
70.787836	1.234461
70.787873	1.229543
70.787908	1.224602
70.787943	1.219637
70.787976	1.214648
70.788008	1.209637
70.788039	1.204602
70.788069	1.199544
70.788098	1.194464
70.788126	1.189360
70.788153	1.184234
70.788179	1.179084
70.788203	1.173913
70.788227	1.168719
70.788250	1.163502
70.788271	1.158264
70.788292	1.153003
70.788311	1.147720
70.788329	1.142415
70.788346	1.137088
70.788363	1.131740
70.788378	1.126369
70.788392	1.120978
70.788404	1.115565
70.788416	1.110130
70.788427	1.104674
70.788437	1.099197
70.788446	1.093699
70.788453	1.088181
70.788460	1.082641
70.788465	1.077080
70.788470	1.071499
70.788473	1.065898
70.788475	1.060276
70.788477	1.054634
70.788477	1.048971
70.788476	1.043289
70.788474	1.037586
70.788471	1.031864
70.788468	1.026122
70.788463	1.020361
70.788457	1.014579
70.788450	1.008779
70.788441	1.002959
70.788432	0.997120
70.788422	0.991262
70.788411	0.985384
70.788399	0.979488
70.788386	0.973574
70.788371	0.967640
70.788356	0.961689
70.788340	0.955718
70.788323	0.949730
70.788304	0.943723
70.788285	0.937698
70.788265	0.931656
70.788243	0.925595
70.788221	0.919517
70.788198	0.913421
70.788174	0.907308
70.788149	0.901177
70.788122	0.895029
70.788095	0.888864
70.788067	0.882682
70.788038	0.876483
70.788008	0.870267
70.787977	0.864035
70.787945	0.857786
70.787912	0.851521
70.787878	0.845239
70.787843	0.838941
70.787807	0.832628
70.787771	0.826298
70.787733	0.819952
70.787695	0.813591
70.787655	0.807214
70.787615	0.800822
70.787573	0.794415
70.787531	0.787992
70.787488	0.781554
70.787444	0.775101
70.787399	0.768634
70.787353	0.762151
70.787307	0.755654
70.787259	0.749143
70.787211	0.742617
70.787161	0.736077
70.787111	0.729524
70.787060	0.722956
70.787008	0.716374
70.786955	0.709778
70.786902	0.703169
70.786848	0.696547
70.786792	0.689911
70.786736	0.683262
70.786679	0.676600
70.786622	0.669925
70.786563	0.663237
70.786504	0.656537
70.786444	0.649824
70.786383	0.643098
70.786321	0.636360
70.786259	0.629610
70.786196	0.622848
70.786132	0.616074
70.786067	0.609289
70.786002	0.602491
70.785935	0.595682
70.785868	0.588862
70.785801	0.582031
70.785732	0.575188
70.785663	0.568334
70.785593	0.561470
70.785523	0.554594
70.785451	0.547708
70.785379	0.540812
70.785307	0.533905
70.785233	0.526988
70.785159	0.520061
70.785085	0.513124
70.785009	0.506178
70.784933	0.499221
70.784857	0.492255
70.784779	0.485280
70.784702	0.478295
70.784623	0.471301
70.784544	0.464298
70.784464	0.457286
70.784384	0.450266
70.784303	0.443237
70.784221	0.436199
70.784139	0.429153
70.784057	0.422099
70.783973	0.415037
70.783890	0.407967
70.783805	0.400889
70.783720	0.393803
70.783635	0.386710
70.783549	0.379610
70.783462	0.372502
70.783375	0.365387
70.783288	0.358265
70.783200	0.351136
70.783112	0.344001
70.783023	0.336859
70.782933	0.329710
70.782843	0.322555
70.782753	0.315394
70.782662	0.308227
70.782571	0.301054
70.782479	0.293876
70.782387	0.286691
70.782295	0.279501
70.782202	0.272306
70.782108	0.265106
70.782015	0.257901
70.781921	0.250690
70.781826	0.243475
70.781731	0.236255
70.781636	0.229031
70.781540	0.221802
70.781444	0.214569
70.781348	0.207332
70.781252	0.200091
70.781155	0.192846
70.781058	0.185598
70.780960	0.178346
70.780862	0.171090
70.780764	0.163832
70.780666	0.156570
70.780567	0.149305
70.780468	0.142037
70.780369	0.134767
70.780270	0.127494
70.780170	0.120218
70.780071	0.112940
70.779970	0.105660
70.779870	0.098378
70.779770	0.091095
70.779669	0.083809
70.779568	0.076522
70.779467	0.069233
70.779366	0.061943
70.779265	0.054652
70.779163	0.047360
70.779062	0.040067
70.778960	0.032773
70.778858	0.025478
70.778756	0.018183
70.778654	0.010888
70.778552	0.003592
70.778450	-0.003703
70.778347	-0.010999
70.778245	-0.018294
70.778142	-0.025589
70.778040	-0.032884
70.777937	-0.040178
70.777835	-0.047471
70.777732	-0.054763
70.777630	-0.062054
70.777527	-0.069344
70.777424	-0.076633
70.777321	-0.083920
70.777219	-0.091206
70.777116	-0.098490
70.777014	-0.105772
70.776911	-0.113051
70.776809	-0.120329
70.776706	-0.127605
70.776604	-0.134878
70.776502	-0.142148
70.776400	-0.149416
70.776297	-0.156681
70.776195	-0.163943
70.776093	-0.171202
70.775992	-0.178457
70.775890	-0.185709
70.775789	-0.192958
70.775687	-0.200203
70.775586	-0.207444
70.775485	-0.214681
70.775384	-0.221914
70.775283	-0.229142
70.775183	-0.236367
70.775082	-0.243586
70.774982	-0.250802
70.774882	-0.258012
70.774783	-0.265217
70.774683	-0.272418
70.774584	-0.279613
70.774485	-0.286803
70.774387	-0.293987
70.774288	-0.301166
70.774190	-0.308339
70.774092	-0.315506
70.773994	-0.322667
70.773897	-0.329822
70.773800	-0.336970
70.773703	-0.344112
70.773607	-0.351248
70.773511	-0.358377
70.773415	-0.365499
70.773320	-0.372614
70.773225	-0.379721
70.773130	-0.386822
70.773036	-0.393915
70.772942	-0.401001
70.772848	-0.408079
70.772755	-0.415149
70.772662	-0.422211
70.772570	-0.429265
70.772478	-0.436311
70.772386	-0.443349
